<?xml version="1.0" encoding="UTF-8" standalone="no"?><testsuite errors="1" failures="0" name="Validacion de formulario de registro" skipped="0" tests="3" time="4.33" timestamp="2024-05-25 01:01:24"><testcase name="Verificar registro exitoso"><error message="javascript error: {&quot;status&quot;:12,&quot;value&quot;:&quot;Element is not currently interactable and may not be manipulated&quot;}&#10;  (Session info: chrome=125.0.6422.78)&#10;Build info: version: '4.20.0', revision: '866c76ca80'&#10;System info: os.name: 'Windows 10', os.arch: 'amd64', os.version: '10.0', java.version: '17'&#10;Driver info: org.openqa.selenium.chrome.ChromeDriver&#10;Command: [f9ded449c7cfc35c0e5e1dce77cd156e, clearElement {id=f.B158A7774EB8A9E8B4895BAF94848124.d.F64D0D7307DA5A7AFFABA30B7614049D.e.5}]&#10;Capabilities {acceptInsecureCerts: false, browserName: chrome, browserVersion: 125.0.6422.78, chrome: {chromedriverVersion: 125.0.6422.78 (14db42ec38ad..., userDataDir: C:\Users\gomez\AppData\Loca...}, fedcm:accounts: true, goog:chromeOptions: {debuggerAddress: localhost:13485}, networkConnectionEnabled: false, pageLoadStrategy: normal, platformName: windows, proxy: Proxy(), se:cdp: ws://localhost:13485/devtoo..., se:cdpVersion: 125.0.6422.78, setWindowRect: true, strictFileInteractability: false, timeouts: {implicit: 0, pageLoad: 300000, script: 30000}, unhandledPromptBehavior: dismiss and notify, webauthn:extension:credBlob: true, webauthn:extension:largeBlob: true, webauthn:extension:minPinLength: true, webauthn:extension:prf: true, webauthn:virtualAuthenticators: true}&#10;Element: [[ChromeDriver: chrome on windows (f9ded449c7cfc35c0e5e1dce77cd156e)] -&gt; xpath: //input[@name='identificationType'] ]&#10;Session ID: f9ded449c7cfc35c0e5e1dce77cd156e" type="org.openqa.selenium.JavascriptException">javascript error: {"status":12,"value":"Element is not currently interactable and may not be manipulated"}
  (Session info: chrome=125.0.6422.78)
Build info: version: '4.20.0', revision: '866c76ca80'
System info: os.name: 'Windows 10', os.arch: 'amd64', os.version: '10.0', java.version: '17'
Driver info: org.openqa.selenium.chrome.ChromeDriver
Command: [f9ded449c7cfc35c0e5e1dce77cd156e, clearElement {id=f.B158A7774EB8A9E8B4895BAF94848124.d.F64D0D7307DA5A7AFFABA30B7614049D.e.5}]
Capabilities {acceptInsecureCerts: false, browserName: chrome, browserVersion: 125.0.6422.78, chrome: {chromedriverVersion: 125.0.6422.78 (14db42ec38ad..., userDataDir: C:\Users\gomez\AppData\Loca...}, fedcm:accounts: true, goog:chromeOptions: {debuggerAddress: localhost:13485}, networkConnectionEnabled: false, pageLoadStrategy: normal, platformName: windows, proxy: Proxy(), se:cdp: ws://localhost:13485/devtoo..., se:cdpVersion: 125.0.6422.78, setWindowRect: true, strictFileInteractability: false, timeouts: {implicit: 0, pageLoad: 300000, script: 30000}, unhandledPromptBehavior: dismiss and notify, webauthn:extension:credBlob: true, webauthn:extension:largeBlob: true, webauthn:extension:minPinLength: true, webauthn:extension:prf: true, webauthn:virtualAuthenticators: true}
Element: [[ChromeDriver: chrome on windows (f9ded449c7cfc35c0e5e1dce77cd156e)] -&gt; xpath: //input[@name='identificationType'] ]
Session ID: f9ded449c7cfc35c0e5e1dce77cd156e</error><system-err>javascript error: {"status":12,"value":"Element is not currently interactable and may not be manipulated"}
  (Session info: chrome=125.0.6422.78)
Build info: version: '4.20.0', revision: '866c76ca80'
System info: os.name: 'Windows 10', os.arch: 'amd64', os.version: '10.0', java.version: '17'
Driver info: org.openqa.selenium.chrome.ChromeDriver
Command: [f9ded449c7cfc35c0e5e1dce77cd156e, clearElement {id=f.B158A7774EB8A9E8B4895BAF94848124.d.F64D0D7307DA5A7AFFABA30B7614049D.e.5}]
Capabilities {acceptInsecureCerts: false, browserName: chrome, browserVersion: 125.0.6422.78, chrome: {chromedriverVersion: 125.0.6422.78 (14db42ec38ad..., userDataDir: C:\Users\gomez\AppData\Loca...}, fedcm:accounts: true, goog:chromeOptions: {debuggerAddress: localhost:13485}, networkConnectionEnabled: false, pageLoadStrategy: normal, platformName: windows, proxy: Proxy(), se:cdp: ws://localhost:13485/devtoo..., se:cdpVersion: 125.0.6422.78, setWindowRect: true, strictFileInteractability: false, timeouts: {implicit: 0, pageLoad: 300000, script: 30000}, unhandledPromptBehavior: dismiss and notify, webauthn:extension:credBlob: true, webauthn:extension:largeBlob: true, webauthn:extension:minPinLength: true, webauthn:extension:prf: true, webauthn:virtualAuthenticators: true}
Element: [[ChromeDriver: chrome on windows (f9ded449c7cfc35c0e5e1dce77cd156e)] -&gt; xpath: //input[@name='identificationType'] ]
Session ID: f9ded449c7cfc35c0e5e1dce77cd156e&#13;
co.com.udea.fabricaescuela.moduloautenticacionautorizacion.interactions.pestanaregistro.EnterThe.performAs(EnterThe.java:38)&#13;
co.com.udea.fabricaescuela.moduloautenticacionautorizacion.tasks.pestanaregistro.RegisterThe.performAs(RegisterThe.java:32)&#13;
co.com.udea.fabricaescuela.moduloautenticacionautorizacion.stepdefinitions.PestanaRegistroStepDefinition.ingresoTodosLosCamposObligatorios(PestanaRegistroStepDefinition.java:58)&#13;
worker.org.gradle.process.internal.worker.GradleWorkerMain.run(GradleWorkerMain.java:69)&#13;
worker.org.gradle.process.internal.worker.GradleWorkerMain.main(GradleWorkerMain.java:74)&#13;
</system-err></testcase><testcase name="Verificar campos obligatorios en el formulario de registro"/><testcase name="Verificar limites de caracteres en campos de registro"/></testsuite>